<?xml version="1.0" encoding="UTF-8"?>
<!-- Generated by org.testng.reporters.JUnitReportReporter -->
<testsuite hostname="LAPTOP-8SEKENFG" failures="0" tests="1" name="org.Dream11.Dream11Test" time="30.055" errors="0" timestamp="2022-08-25T18:39:26 IST" skipped="0">
  <testcase classname="org.Dream11.Dream11Test" name="dream11EndToEnd" time="30.055"/>
  <system-out/>
</testsuite> <!-- org.Dream11.Dream11Test -->
