<?xml version="1.0" encoding="UTF-8"?>
<!-- Generated by org.testng.reporters.JUnitReportReporter -->
<testsuite hostname="LAPTOP-8SEKENFG" failures="0" tests="1" name="org.Dream11.verfiyContentOfMatchCardTest" time="27.074" errors="0" timestamp="2022-08-26T16:45:27 IST" skipped="0">
  <testcase classname="org.Dream11.verfiyContentOfMatchCardTest" name="verifyContent" time="27.074"/>
  <system-out/>
</testsuite> <!-- org.Dream11.verfiyContentOfMatchCardTest -->
