<?xml version="1.0" encoding="UTF-8"?>
<!-- Generated by org.testng.reporters.JUnitReportReporter -->
<testsuite hostname="LAPTOP-8SEKENFG" failures="0" tests="1" name="org.Dream11.DevaSevaAppTestCase2" time="24.634" errors="0" timestamp="2022-09-08T16:59:02 IST" skipped="0">
  <testcase classname="org.Dream11.DevaSevaAppTestCase2" name="TestCase1" time="24.634"/>
  <system-out/>
</testsuite> <!-- org.Dream11.DevaSevaAppTestCase2 -->
