<?xml version="1.0" encoding="UTF-8"?>
<!-- Generated by org.testng.reporters.JUnitReportReporter -->
<testsuite hostname="LAPTOP-8SEKENFG" failures="0" tests="1" name="org.Dream11.verifyNavigationBarOnBottomTest" time="29.444" errors="0" timestamp="2022-08-25T23:43:29 IST" skipped="0">
  <testcase classname="org.Dream11.verifyNavigationBarOnBottomTest" name="verifyNavigation" time="29.444"/>
  <system-out/>
</testsuite> <!-- org.Dream11.verifyNavigationBarOnBottomTest -->
