<?xml version="1.0" encoding="UTF-8"?>
<!-- Generated by org.testng.reporters.JUnitReportReporter -->
<testsuite hostname="LAPTOP-8SEKENFG" failures="0" tests="1" name="org.Dream11.DevaSevaApp" time="33.035" errors="0" timestamp="2022-09-08T16:31:00 IST" skipped="0">
  <testcase classname="org.Dream11.DevaSevaApp" name="TestCase1" time="33.035"/>
  <system-out/>
</testsuite> <!-- org.Dream11.DevaSevaApp -->
